# JRE version: OpenJDK Runtime Environment (8.0_242-b01) (build 1.8.0_242-release-1644-b01)
# Java VM: OpenJDK 64-Bit Server VM (25.242-b01 mixed mode windows-amd64 compressed oops)
Heap:
 PSYoungGen      total 373248K, used 283190K [0x00000000e0000000, 0x00000000fef80000, 0x0000000100000000)
  eden space 249344K, 100% used [0x00000000e0000000,0x00000000ef380000,0x00000000ef380000)
  from space 123904K, 27% used [0x00000000f7680000,0x00000000f978db78,0x00000000fef80000)
  to   space 129024K, 70% used [0x00000000ef380000,0x00000000f4cdd240,0x00000000f7180000)
 ParOldGen       total 1048576K, used 420770K [0x00000000a0000000, 0x00000000e0000000, 0x00000000e0000000)
  object space 1048576K, 40% used [0x00000000a0000000,0x00000000b9ae8a90,0x00000000e0000000)
 Metaspace       used 125828K, capacity 131768K, committed 131880K, reserved 1165312K
  class space    used 15572K, capacity 16672K, committed 16688K, reserved 1048576K
GC Heap History (10 events):
Event: 597.096 GC heap after
Heap after GC invocations=40 (full 4):
 PSYoungGen      total 362496K, used 40215K [0x00000000e0000000, 0x00000000fef00000, 0x0000000100000000)
  eden space 218112K, 0% used [0x00000000e0000000,0x00000000e0000000,0x00000000ed500000)
  from space 144384K, 27% used [0x00000000f6200000,0x00000000f8945d30,0x00000000fef00000)
  to   space 144384K, 0% used [0x00000000ed500000,0x00000000ed500000,0x00000000f6200000)
 ParOldGen       total 473088K, used 420744K [0x00000000a0000000, 0x00000000bce00000, 0x00000000e0000000)
  object space 473088K, 88% used [0x00000000a0000000,0x00000000b9ae2038,0x00000000bce00000)
 Metaspace       used 116818K, capacity 122370K, committed 122536K, reserved 1157120K
  class space    used 14623K, capacity 15665K, committed 15792K, reserved 1048576K
}
Event: 601.754 GC heap before
{Heap before GC invocations=41 (full 4):
 PSYoungGen      total 362496K, used 258327K [0x00000000e0000000, 0x00000000fef00000, 0x0000000100000000)
  eden space 218112K, 100% used [0x00000000e0000000,0x00000000ed500000,0x00000000ed500000)
  from space 144384K, 27% used [0x00000000f6200000,0x00000000f8945d30,0x00000000fef00000)
  to   space 144384K, 0% used [0x00000000ed500000,0x00000000ed500000,0x00000000f6200000)
 ParOldGen       total 473088K, used 420746K [0x00000000a0000000, 0x00000000bce00000, 0x00000000e0000000)
  object space 473088K, 88% used [0x00000000a0000000,0x00000000b9ae2a90,0x00000000bce00000)
 Metaspace       used 117645K, capacity 123246K, committed 123304K, reserved 1157120K
  class space    used 14713K, capacity 15777K, committed 15792K, reserved 1048576K
Event: 601.776 GC heap after
Heap after GC invocations=41 (full 4):
 PSYoungGen      total 362496K, used 14687K [0x00000000e0000000, 0x00000000ffd00000, 0x0000000100000000)
  eden space 218112K, 0% used [0x00000000e0000000,0x00000000e0000000,0x00000000ed500000)
  from space 144384K, 10% used [0x00000000ed500000,0x00000000ee357fe8,0x00000000f6200000)
  to   space 142848K, 0% used [0x00000000f7180000,0x00000000f7180000,0x00000000ffd00000)
 ParOldGen       total 473088K, used 420754K [0x00000000a0000000, 0x00000000bce00000, 0x00000000e0000000)
  object space 473088K, 88% used [0x00000000a0000000,0x00000000b9ae4a90,0x00000000bce00000)
 Metaspace       used 117645K, capacity 123246K, committed 123304K, reserved 1157120K
  class space    used 14713K, capacity 15777K, committed 15792K, reserved 1048576K
}
Event: 605.277 GC heap before
{Heap before GC invocations=42 (full 4):
 PSYoungGen      total 362496K, used 232799K [0x00000000e0000000, 0x00000000ffd00000, 0x0000000100000000)
  eden space 218112K, 100% used [0x00000000e0000000,0x00000000ed500000,0x00000000ed500000)
  from space 144384K, 10% used [0x00000000ed500000,0x00000000ee357fe8,0x00000000f6200000)
  to   space 142848K, 0% used [0x00000000f7180000,0x00000000f7180000,0x00000000ffd00000)
 ParOldGen       total 473088K, used 420754K [0x00000000a0000000, 0x00000000bce00000, 0x00000000e0000000)
  object space 473088K, 88% used [0x00000000a0000000,0x00000000b9ae4a90,0x00000000bce00000)
 Metaspace       used 119695K, capacity 125496K, committed 125608K, reserved 1159168K
  class space    used 14882K, capacity 15964K, committed 16048K, reserved 1048576K
Event: 605.326 GC heap after
Heap after GC invocations=42 (full 4):
 PSYoungGen      total 374272K, used 20696K [0x00000000e0000000, 0x00000000ff780000, 0x0000000100000000)
  eden space 237056K, 0% used [0x00000000e0000000,0x00000000e0000000,0x00000000ee780000)
  from space 137216K, 15% used [0x00000000f7180000,0x00000000f85b62a0,0x00000000ff780000)
  to   space 139264K, 0% used [0x00000000ee780000,0x00000000ee780000,0x00000000f6f80000)
 ParOldGen       total 473088K, used 420762K [0x00000000a0000000, 0x00000000bce00000, 0x00000000e0000000)
  object space 473088K, 88% used [0x00000000a0000000,0x00000000b9ae6a90,0x00000000bce00000)
 Metaspace       used 119695K, capacity 125496K, committed 125608K, reserved 1159168K
  class space    used 14882K, capacity 15964K, committed 16048K, reserved 1048576K
}
Event: 613.112 GC heap before
{Heap before GC invocations=43 (full 4):
 PSYoungGen      total 374272K, used 257752K [0x00000000e0000000, 0x00000000ff780000, 0x0000000100000000)
  eden space 237056K, 100% used [0x00000000e0000000,0x00000000ee780000,0x00000000ee780000)
  from space 137216K, 15% used [0x00000000f7180000,0x00000000f85b62a0,0x00000000ff780000)
  to   space 139264K, 0% used [0x00000000ee780000,0x00000000ee780000,0x00000000f6f80000)
 ParOldGen       total 473088K, used 420762K [0x00000000a0000000, 0x00000000bce00000, 0x00000000e0000000)
  object space 473088K, 88% used [0x00000000a0000000,0x00000000b9ae6a90,0x00000000bce00000)
 Metaspace       used 120022K, capacity 125902K, committed 126120K, reserved 1159168K
  class space    used 14924K, capacity 16019K, committed 16048K, reserved 1048576K
Event: 613.135 GC heap after
Heap after GC invocations=43 (full 4):
 PSYoungGen      total 376320K, used 16374K [0x00000000e0000000, 0x00000000ffb00000, 0x0000000100000000)
  eden space 237056K, 0% used [0x00000000e0000000,0x00000000e0000000,0x00000000ee780000)
  from space 139264K, 11% used [0x00000000ee780000,0x00000000ef77daa0,0x00000000f6f80000)
  to   space 135680K, 0% used [0x00000000f7680000,0x00000000f7680000,0x00000000ffb00000)
 ParOldGen       total 473088K, used 420770K [0x00000000a0000000, 0x00000000bce00000, 0x00000000e0000000)
  object space 473088K, 88% used [0x00000000a0000000,0x00000000b9ae8a90,0x00000000bce00000)
 Metaspace       used 120022K, capacity 125902K, committed 126120K, reserved 1159168K
  class space    used 14924K, capacity 16019K, committed 16048K, reserved 1048576K
}
Event: 615.578 GC heap before
{Heap before GC invocations=44 (full 4):
 PSYoungGen      total 376320K, used 253430K [0x00000000e0000000, 0x00000000ffb00000, 0x0000000100000000)
  eden space 237056K, 100% used [0x00000000e0000000,0x00000000ee780000,0x00000000ee780000)
  from space 139264K, 11% used [0x00000000ee780000,0x00000000ef77daa0,0x00000000f6f80000)
  to   space 135680K, 0% used [0x00000000f7680000,0x00000000f7680000,0x00000000ffb00000)
 ParOldGen       total 473088K, used 420770K [0x00000000a0000000, 0x00000000bce00000, 0x00000000e0000000)
  object space 473088K, 88% used [0x00000000a0000000,0x00000000b9ae8a90,0x00000000bce00000)
 Metaspace       used 120330K, capacity 126208K, committed 126504K, reserved 1159168K
  class space    used 14946K, capacity 16060K, committed 16176K, reserved 1048576K
Event: 615.624 GC heap after
Heap after GC invocations=44 (full 4):
 PSYoungGen      total 373248K, used 33846K [0x00000000e0000000, 0x00000000fef80000, 0x0000000100000000)
  eden space 249344K, 0% used [0x00000000e0000000,0x00000000e0000000,0x00000000ef380000)
  from space 123904K, 27% used [0x00000000f7680000,0x00000000f978db78,0x00000000fef80000)
  to   space 129024K, 0% used [0x00000000ef380000,0x00000000ef380000,0x00000000f7180000)
 ParOldGen       total 473088K, used 420770K [0x00000000a0000000, 0x00000000bce00000, 0x00000000e0000000)
  object space 473088K, 88% used [0x00000000a0000000,0x00000000b9ae8a90,0x00000000bce00000)
 Metaspace       used 120330K, capacity 126208K, committed 126504K, reserved 1159168K
  class space    used 14946K, capacity 16060K, committed 16176K, reserved 1048576K
}
Event: 617.278 GC heap before
{Heap before GC invocations=45 (full 4):
 PSYoungGen      total 373248K, used 283190K [0x00000000e0000000, 0x00000000fef80000, 0x0000000100000000)
  eden space 249344K, 100% used [0x00000000e0000000,0x00000000ef380000,0x00000000ef380000)
  from space 123904K, 27% used [0x00000000f7680000,0x00000000f978db78,0x00000000fef80000)
  to   space 129024K, 0% used [0x00000000ef380000,0x00000000ef380000,0x00000000f7180000)
 ParOldGen       total 473088K, used 420770K [0x00000000a0000000, 0x00000000bce00000, 0x00000000e0000000)
  object space 473088K, 88% used [0x00000000a0000000,0x00000000b9ae8a90,0x00000000bce00000)
 Metaspace       used 125828K, capacity 131768K, committed 131880K, reserved 1165312K
  class space    used 15572K, capacity 16672K, committed 16688K, reserved 1048576K

