# JRE version: OpenJDK Runtime Environment (8.0_202-b03) (build 1.8.0_202-release-1483-b03)
# Java VM: OpenJDK 64-Bit Server VM (25.202-b03 mixed mode windows-amd64 compressed oops)
Heap:
 PSYoungGen      total 394752K, used 87284K [0x00000000e0000000, 0x0000000100000000, 0x0000000100000000)
  eden space 307200K, 0% used [0x00000000e0000000,0x00000000e0000000,0x00000000f2c00000)
  from space 87552K, 99% used [0x00000000f2c00000,0x00000000f813d228,0x00000000f8180000)
  to   space 118784K, 0% used [0x00000000f8c00000,0x00000000f8c00000,0x0000000100000000)
 ParOldGen       total 281600K, used 243197K [0x00000000a0000000, 0x00000000b1300000, 0x00000000e0000000)
  object space 281600K, 86% used [0x00000000a0000000,0x00000000aed7f678,0x00000000b1300000)
 Metaspace       used 89517K, capacity 92290K, committed 92584K, reserved 1130496K
  class space    used 11477K, capacity 12165K, committed 12200K, reserved 1048576K
GC Heap History (10 events):
Event: 62.813 GC heap after
Heap after GC invocations=22 (full 3):
 PSYoungGen      total 427008K, used 10594K [0x00000000e0000000, 0x00000000ffc80000, 0x0000000100000000)
  eden space 375808K, 0% used [0x00000000e0000000,0x00000000e0000000,0x00000000f6f00000)
  from space 51200K, 20% used [0x00000000f6f00000,0x00000000f7958b40,0x00000000fa100000)
  to   space 50688K, 0% used [0x00000000fcb00000,0x00000000fcb00000,0x00000000ffc80000)
 ParOldGen       total 281600K, used 81822K [0x00000000a0000000, 0x00000000b1300000, 0x00000000e0000000)
  object space 281600K, 29% used [0x00000000a0000000,0x00000000a4fe7a40,0x00000000b1300000)
 Metaspace       used 67497K, capacity 69998K, committed 70056K, reserved 1110016K
  class space    used 9008K, capacity 9616K, committed 9640K, reserved 1048576K
}
Event: 69.283 GC heap before
{Heap before GC invocations=23 (full 3):
 PSYoungGen      total 427008K, used 386402K [0x00000000e0000000, 0x00000000ffc80000, 0x0000000100000000)
  eden space 375808K, 100% used [0x00000000e0000000,0x00000000f6f00000,0x00000000f6f00000)
  from space 51200K, 20% used [0x00000000f6f00000,0x00000000f7958b40,0x00000000fa100000)
  to   space 50688K, 0% used [0x00000000fcb00000,0x00000000fcb00000,0x00000000ffc80000)
 ParOldGen       total 281600K, used 81822K [0x00000000a0000000, 0x00000000b1300000, 0x00000000e0000000)
  object space 281600K, 29% used [0x00000000a0000000,0x00000000a4fe7a40,0x00000000b1300000)
 Metaspace       used 74211K, capacity 76776K, committed 77096K, reserved 1116160K
  class space    used 9837K, capacity 10448K, committed 10536K, reserved 1048576K
Event: 69.357 GC heap after
Heap after GC invocations=23 (full 3):
 PSYoungGen      total 463360K, used 43854K [0x00000000e0000000, 0x0000000100000000, 0x0000000100000000)
  eden space 412672K, 0% used [0x00000000e0000000,0x00000000e0000000,0x00000000f9300000)
  from space 50688K, 86% used [0x00000000fcb00000,0x00000000ff5d3bb0,0x00000000ffc80000)
  to   space 55808K, 0% used [0x00000000f9300000,0x00000000f9300000,0x00000000fc980000)
 ParOldGen       total 281600K, used 85144K [0x00000000a0000000, 0x00000000b1300000, 0x00000000e0000000)
  object space 281600K, 30% used [0x00000000a0000000,0x00000000a5326098,0x00000000b1300000)
 Metaspace       used 74211K, capacity 76776K, committed 77096K, reserved 1116160K
  class space    used 9837K, capacity 10448K, committed 10536K, reserved 1048576K
}
Event: 102.593 GC heap before
{Heap before GC invocations=24 (full 3):
 PSYoungGen      total 463360K, used 456526K [0x00000000e0000000, 0x0000000100000000, 0x0000000100000000)
  eden space 412672K, 100% used [0x00000000e0000000,0x00000000f9300000,0x00000000f9300000)
  from space 50688K, 86% used [0x00000000fcb00000,0x00000000ff5d3bb0,0x00000000ffc80000)
  to   space 55808K, 0% used [0x00000000f9300000,0x00000000f9300000,0x00000000fc980000)
 ParOldGen       total 281600K, used 85144K [0x00000000a0000000, 0x00000000b1300000, 0x00000000e0000000)
  object space 281600K, 30% used [0x00000000a0000000,0x00000000a5326098,0x00000000b1300000)
 Metaspace       used 80733K, capacity 83506K, committed 83752K, reserved 1122304K
  class space    used 10592K, capacity 11293K, committed 11304K, reserved 1048576K
Event: 102.664 GC heap after
Heap after GC invocations=24 (full 3):
 PSYoungGen      total 468480K, used 55786K [0x00000000e0000000, 0x0000000100000000, 0x0000000100000000)
  eden space 412672K, 0% used [0x00000000e0000000,0x00000000e0000000,0x00000000f9300000)
  from space 55808K, 99% used [0x00000000f9300000,0x00000000fc97a850,0x00000000fc980000)
  to   space 55808K, 0% used [0x00000000fc980000,0x00000000fc980000,0x0000000100000000)
 ParOldGen       total 281600K, used 95812K [0x00000000a0000000, 0x00000000b1300000, 0x00000000e0000000)
  object space 281600K, 34% used [0x00000000a0000000,0x00000000a5d91390,0x00000000b1300000)
 Metaspace       used 80733K, capacity 83506K, committed 83752K, reserved 1122304K
  class space    used 10592K, capacity 11293K, committed 11304K, reserved 1048576K
}
Event: 107.712 GC heap before
{Heap before GC invocations=25 (full 3):
 PSYoungGen      total 468480K, used 468458K [0x00000000e0000000, 0x0000000100000000, 0x0000000100000000)
  eden space 412672K, 100% used [0x00000000e0000000,0x00000000f9300000,0x00000000f9300000)
  from space 55808K, 99% used [0x00000000f9300000,0x00000000fc97a850,0x00000000fc980000)
  to   space 55808K, 0% used [0x00000000fc980000,0x00000000fc980000,0x0000000100000000)
 ParOldGen       total 281600K, used 95812K [0x00000000a0000000, 0x00000000b1300000, 0x00000000e0000000)
  object space 281600K, 34% used [0x00000000a0000000,0x00000000a5d91390,0x00000000b1300000)
 Metaspace       used 89501K, capacity 92226K, committed 92584K, reserved 1130496K
  class space    used 11476K, capacity 12165K, committed 12200K, reserved 1048576K
Event: 107.920 GC heap after
Heap after GC invocations=25 (full 3):
 PSYoungGen      total 363008K, used 55799K [0x00000000e0000000, 0x0000000100000000, 0x0000000100000000)
  eden space 307200K, 0% used [0x00000000e0000000,0x00000000e0000000,0x00000000f2c00000)
  from space 55808K, 99% used [0x00000000fc980000,0x00000000ffffdf50,0x0000000100000000)
  to   space 108544K, 0% used [0x00000000f2c00000,0x00000000f2c00000,0x00000000f9600000)
 ParOldGen       total 281600K, used 187818K [0x00000000a0000000, 0x00000000b1300000, 0x00000000e0000000)
  object space 281600K, 66% used [0x00000000a0000000,0x00000000ab76aae0,0x00000000b1300000)
 Metaspace       used 89501K, capacity 92226K, committed 92584K, reserved 1130496K
  class space    used 11476K, capacity 12165K, committed 12200K, reserved 1048576K
}
Event: 109.683 GC heap before
{Heap before GC invocations=26 (full 3):
 PSYoungGen      total 363008K, used 362999K [0x00000000e0000000, 0x0000000100000000, 0x0000000100000000)
  eden space 307200K, 100% used [0x00000000e0000000,0x00000000f2c00000,0x00000000f2c00000)
  from space 55808K, 99% used [0x00000000fc980000,0x00000000ffffdf50,0x0000000100000000)
  to   space 108544K, 0% used [0x00000000f2c00000,0x00000000f2c00000,0x00000000f9600000)
 ParOldGen       total 281600K, used 187818K [0x00000000a0000000, 0x00000000b1300000, 0x00000000e0000000)
  object space 281600K, 66% used [0x00000000a0000000,0x00000000ab76aae0,0x00000000b1300000)
 Metaspace       used 89517K, capacity 92290K, committed 92584K, reserved 1130496K
  class space    used 11477K, capacity 12165K, committed 12200K, reserved 1048576K
Event: 109.877 GC heap after
Heap after GC invocations=26 (full 3):
 PSYoungGen      total 394752K, used 87284K [0x00000000e0000000, 0x0000000100000000, 0x0000000100000000)
  eden space 307200K, 0% used [0x00000000e0000000,0x00000000e0000000,0x00000000f2c00000)
  from space 87552K, 99% used [0x00000000f2c00000,0x00000000f813d228,0x00000000f8180000)
  to   space 118784K, 0% used [0x00000000f8c00000,0x00000000f8c00000,0x0000000100000000)
 ParOldGen       total 281600K, used 243197K [0x00000000a0000000, 0x00000000b1300000, 0x00000000e0000000)
  object space 281600K, 86% used [0x00000000a0000000,0x00000000aed7f678,0x00000000b1300000)
 Metaspace       used 89517K, capacity 92290K, committed 92584K, reserved 1130496K
  class space    used 11477K, capacity 12165K, committed 12200K, reserved 1048576K
}
Event: 109.877 GC heap before
{Heap before GC invocations=27 (full 4):
 PSYoungGen      total 394752K, used 87284K [0x00000000e0000000, 0x0000000100000000, 0x0000000100000000)
  eden space 307200K, 0% used [0x00000000e0000000,0x00000000e0000000,0x00000000f2c00000)
  from space 87552K, 99% used [0x00000000f2c00000,0x00000000f813d228,0x00000000f8180000)
  to   space 118784K, 0% used [0x00000000f8c00000,0x00000000f8c00000,0x0000000100000000)
 ParOldGen       total 281600K, used 243197K [0x00000000a0000000, 0x00000000b1300000, 0x00000000e0000000)
  object space 281600K, 86% used [0x00000000a0000000,0x00000000aed7f678,0x00000000b1300000)
 Metaspace       used 89517K, capacity 92290K, committed 92584K, reserved 1130496K
  class space    used 11477K, capacity 12165K, committed 12200K, reserved 1048576K

