# JRE version: OpenJDK Runtime Environment (8.0_242-b01) (build 1.8.0_242-release-1644-b01)
# Java VM: OpenJDK 64-Bit Server VM (25.242-b01 mixed mode windows-amd64 compressed oops)
Heap:
 PSYoungGen      total 361984K, used 11964K [0x00000000e0000000, 0x00000000fff80000, 0x0000000100000000)
  eden space 203264K, 0% used [0x00000000e0000000,0x00000000e0000000,0x00000000ec680000)
  from space 158720K, 7% used [0x00000000f6480000,0x00000000f702f150,0x00000000fff80000)
  to   space 160256K, 0% used [0x00000000ec680000,0x00000000ec680000,0x00000000f6300000)
 ParOldGen       total 486912K, used 447763K [0x00000000a0000000, 0x00000000bdb80000, 0x00000000e0000000)
  object space 486912K, 91% used [0x00000000a0000000,0x00000000bb544e50,0x00000000bdb80000)
 Metaspace       used 122813K, capacity 128542K, committed 128808K, reserved 1161216K
  class space    used 15261K, capacity 16377K, committed 16432K, reserved 1048576K
GC Heap History (10 events):
Event: 580.274 GC heap after
Heap after GC invocations=34 (full 4):
 PSYoungGen      total 347648K, used 110773K [0x00000000e0000000, 0x0000000100000000, 0x0000000100000000)
  eden space 183296K, 0% used [0x00000000e0000000,0x00000000e0000000,0x00000000eb300000)
  from space 164352K, 67% used [0x00000000f5f80000,0x00000000fcbad7b0,0x0000000100000000)
  to   space 170496K, 0% used [0x00000000eb300000,0x00000000eb300000,0x00000000f5980000)
 ParOldGen       total 486912K, used 311079K [0x00000000a0000000, 0x00000000bdb80000, 0x00000000e0000000)
  object space 486912K, 63% used [0x00000000a0000000,0x00000000b2fc9e58,0x00000000bdb80000)
 Metaspace       used 122191K, capacity 127944K, committed 128296K, reserved 1161216K
  class space    used 15239K, capacity 16334K, committed 16432K, reserved 1048576K
}
Event: 584.163 GC heap before
{Heap before GC invocations=35 (full 4):
 PSYoungGen      total 347648K, used 294069K [0x00000000e0000000, 0x0000000100000000, 0x0000000100000000)
  eden space 183296K, 100% used [0x00000000e0000000,0x00000000eb300000,0x00000000eb300000)
  from space 164352K, 67% used [0x00000000f5f80000,0x00000000fcbad7b0,0x0000000100000000)
  to   space 170496K, 0% used [0x00000000eb300000,0x00000000eb300000,0x00000000f5980000)
 ParOldGen       total 486912K, used 311079K [0x00000000a0000000, 0x00000000bdb80000, 0x00000000e0000000)
  object space 486912K, 63% used [0x00000000a0000000,0x00000000b2fc9e58,0x00000000bdb80000)
 Metaspace       used 122332K, capacity 128032K, committed 128296K, reserved 1161216K
  class space    used 15250K, capacity 16336K, committed 16432K, reserved 1048576K
Event: 584.312 GC heap after
Heap after GC invocations=35 (full 4):
 PSYoungGen      total 353792K, used 93709K [0x00000000e0000000, 0x0000000100000000, 0x0000000100000000)
  eden space 183296K, 0% used [0x00000000e0000000,0x00000000e0000000,0x00000000eb300000)
  from space 170496K, 54% used [0x00000000eb300000,0x00000000f0e834c0,0x00000000f5980000)
  to   space 167936K, 0% used [0x00000000f5c00000,0x00000000f5c00000,0x0000000100000000)
 ParOldGen       total 486912K, used 342813K [0x00000000a0000000, 0x00000000bdb80000, 0x00000000e0000000)
  object space 486912K, 70% used [0x00000000a0000000,0x00000000b4ec75c0,0x00000000bdb80000)
 Metaspace       used 122332K, capacity 128032K, committed 128296K, reserved 1161216K
  class space    used 15250K, capacity 16336K, committed 16432K, reserved 1048576K
}
Event: 585.318 GC heap before
{Heap before GC invocations=36 (full 4):
 PSYoungGen      total 353792K, used 277005K [0x00000000e0000000, 0x0000000100000000, 0x0000000100000000)
  eden space 183296K, 100% used [0x00000000e0000000,0x00000000eb300000,0x00000000eb300000)
  from space 170496K, 54% used [0x00000000eb300000,0x00000000f0e834c0,0x00000000f5980000)
  to   space 167936K, 0% used [0x00000000f5c00000,0x00000000f5c00000,0x0000000100000000)
 ParOldGen       total 486912K, used 342813K [0x00000000a0000000, 0x00000000bdb80000, 0x00000000e0000000)
  object space 486912K, 70% used [0x00000000a0000000,0x00000000b4ec75c0,0x00000000bdb80000)
 Metaspace       used 122602K, capacity 128348K, committed 128552K, reserved 1161216K
  class space    used 15253K, capacity 16368K, committed 16432K, reserved 1048576K
Event: 585.635 GC heap after
Heap after GC invocations=36 (full 4):
 PSYoungGen      total 338944K, used 58301K [0x00000000e0000000, 0x00000000ff180000, 0x0000000100000000)
  eden space 185856K, 0% used [0x00000000e0000000,0x00000000e0000000,0x00000000eb580000)
  from space 153088K, 38% used [0x00000000f5c00000,0x00000000f94ef5c8,0x00000000ff180000)
  to   space 161792K, 0% used [0x00000000eb580000,0x00000000eb580000,0x00000000f5380000)
 ParOldGen       total 486912K, used 406801K [0x00000000a0000000, 0x00000000bdb80000, 0x00000000e0000000)
  object space 486912K, 83% used [0x00000000a0000000,0x00000000b8d446c8,0x00000000bdb80000)
 Metaspace       used 122602K, capacity 128348K, committed 128552K, reserved 1161216K
  class space    used 15253K, capacity 16368K, committed 16432K, reserved 1048576K
}
Event: 587.579 GC heap before
{Heap before GC invocations=37 (full 4):
 PSYoungGen      total 338944K, used 244157K [0x00000000e0000000, 0x00000000ff180000, 0x0000000100000000)
  eden space 185856K, 100% used [0x00000000e0000000,0x00000000eb580000,0x00000000eb580000)
  from space 153088K, 38% used [0x00000000f5c00000,0x00000000f94ef5c8,0x00000000ff180000)
  to   space 161792K, 0% used [0x00000000eb580000,0x00000000eb580000,0x00000000f5380000)
 ParOldGen       total 486912K, used 406801K [0x00000000a0000000, 0x00000000bdb80000, 0x00000000e0000000)
  object space 486912K, 83% used [0x00000000a0000000,0x00000000b8d446c8,0x00000000bdb80000)
 Metaspace       used 122746K, capacity 128452K, committed 128808K, reserved 1161216K
  class space    used 15259K, capacity 16374K, committed 16432K, reserved 1048576K
Event: 587.706 GC heap after
Heap after GC invocations=37 (full 4):
 PSYoungGen      total 347648K, used 37253K [0x00000000e0000000, 0x0000000100000000, 0x0000000100000000)
  eden space 185856K, 0% used [0x00000000e0000000,0x00000000e0000000,0x00000000eb580000)
  from space 161792K, 23% used [0x00000000eb580000,0x00000000ed9e1430,0x00000000f5380000)
  to   space 159232K, 0% used [0x00000000f6480000,0x00000000f6480000,0x0000000100000000)
 ParOldGen       total 486912K, used 419389K [0x00000000a0000000, 0x00000000bdb80000, 0x00000000e0000000)
  object space 486912K, 86% used [0x00000000a0000000,0x00000000b998f5c0,0x00000000bdb80000)
 Metaspace       used 122746K, capacity 128452K, committed 128808K, reserved 1161216K
  class space    used 15259K, capacity 16374K, committed 16432K, reserved 1048576K
}
Event: 588.948 GC heap before
{Heap before GC invocations=38 (full 4):
 PSYoungGen      total 347648K, used 223109K [0x00000000e0000000, 0x0000000100000000, 0x0000000100000000)
  eden space 185856K, 100% used [0x00000000e0000000,0x00000000eb580000,0x00000000eb580000)
  from space 161792K, 23% used [0x00000000eb580000,0x00000000ed9e1430,0x00000000f5380000)
  to   space 159232K, 0% used [0x00000000f6480000,0x00000000f6480000,0x0000000100000000)
 ParOldGen       total 486912K, used 419389K [0x00000000a0000000, 0x00000000bdb80000, 0x00000000e0000000)
  object space 486912K, 86% used [0x00000000a0000000,0x00000000b998f5c0,0x00000000bdb80000)
 Metaspace       used 122813K, capacity 128542K, committed 128808K, reserved 1161216K
  class space    used 15261K, capacity 16377K, committed 16432K, reserved 1048576K
Event: 589.038 GC heap after
Heap after GC invocations=38 (full 4):
 PSYoungGen      total 361984K, used 11964K [0x00000000e0000000, 0x00000000fff80000, 0x0000000100000000)
  eden space 203264K, 0% used [0x00000000e0000000,0x00000000e0000000,0x00000000ec680000)
  from space 158720K, 7% used [0x00000000f6480000,0x00000000f702f150,0x00000000fff80000)
  to   space 160256K, 0% used [0x00000000ec680000,0x00000000ec680000,0x00000000f6300000)
 ParOldGen       total 486912K, used 447763K [0x00000000a0000000, 0x00000000bdb80000, 0x00000000e0000000)
  object space 486912K, 91% used [0x00000000a0000000,0x00000000bb544e50,0x00000000bdb80000)
 Metaspace       used 122813K, capacity 128542K, committed 128808K, reserved 1161216K
  class space    used 15261K, capacity 16377K, committed 16432K, reserved 1048576K
}
Event: 589.038 GC heap before
{Heap before GC invocations=39 (full 5):
 PSYoungGen      total 361984K, used 11964K [0x00000000e0000000, 0x00000000fff80000, 0x0000000100000000)
  eden space 203264K, 0% used [0x00000000e0000000,0x00000000e0000000,0x00000000ec680000)
  from space 158720K, 7% used [0x00000000f6480000,0x00000000f702f150,0x00000000fff80000)
  to   space 160256K, 0% used [0x00000000ec680000,0x00000000ec680000,0x00000000f6300000)
 ParOldGen       total 486912K, used 447763K [0x00000000a0000000, 0x00000000bdb80000, 0x00000000e0000000)
  object space 486912K, 91% used [0x00000000a0000000,0x00000000bb544e50,0x00000000bdb80000)
 Metaspace       used 122813K, capacity 128542K, committed 128808K, reserved 1161216K
  class space    used 15261K, capacity 16377K, committed 16432K, reserved 1048576K

