# JRE version: OpenJDK Runtime Environment (8.0_242-b01) (build 1.8.0_242-release-1644-b01)
# Java VM: OpenJDK 64-Bit Server VM (25.242-b01 mixed mode windows-amd64 compressed oops)
Heap:
 PSYoungGen      total 347136K, used 244274K [0x00000000e0000000, 0x00000000fea80000, 0x0000000100000000)
  eden space 188928K, 99% used [0x00000000e0000000,0x00000000eb87f230,0x00000000eb880000)
  from space 158208K, 34% used [0x00000000eb880000,0x00000000eee8d6d8,0x00000000f5300000)
  to   space 150528K, 2% used [0x00000000f5780000,0x00000000f5b2e1c0,0x00000000fea80000)
 ParOldGen       total 423424K, used 154484K [0x00000000a0000000, 0x00000000b9d80000, 0x00000000e0000000)
  object space 423424K, 36% used [0x00000000a0000000,0x00000000a96dd3a0,0x00000000b9d80000)
 Metaspace       used 115808K, capacity 121346K, committed 122152K, reserved 1155072K
  class space    used 14443K, capacity 15425K, committed 15664K, reserved 1048576K
GC Heap History (10 events):
Event: 3145.761 GC heap after
Heap after GC invocations=36 (full 4):
 PSYoungGen      total 356864K, used 75760K [0x00000000e0000000, 0x0000000100000000, 0x0000000100000000)
  eden space 182272K, 0% used [0x00000000e0000000,0x00000000e0000000,0x00000000eb200000)
  from space 174592K, 43% used [0x00000000f5580000,0x00000000f9f7c2a8,0x0000000100000000)
  to   space 167424K, 0% used [0x00000000eb200000,0x00000000eb200000,0x00000000f5580000)
 ParOldGen       total 435712K, used 368460K [0x00000000a0000000, 0x00000000ba980000, 0x00000000e0000000)
  object space 435712K, 84% used [0x00000000a0000000,0x00000000b67d3260,0x00000000ba980000)
 Metaspace       used 115770K, capacity 121472K, committed 121896K, reserved 1155072K
  class space    used 14525K, capacity 15582K, committed 15664K, reserved 1048576K
}
Event: 3147.570 GC heap before
{Heap before GC invocations=37 (full 4):
 PSYoungGen      total 356864K, used 258032K [0x00000000e0000000, 0x0000000100000000, 0x0000000100000000)
  eden space 182272K, 100% used [0x00000000e0000000,0x00000000eb200000,0x00000000eb200000)
  from space 174592K, 43% used [0x00000000f5580000,0x00000000f9f7c2a8,0x0000000100000000)
  to   space 167424K, 0% used [0x00000000eb200000,0x00000000eb200000,0x00000000f5580000)
 ParOldGen       total 435712K, used 368460K [0x00000000a0000000, 0x00000000ba980000, 0x00000000e0000000)
  object space 435712K, 84% used [0x00000000a0000000,0x00000000b67d3260,0x00000000ba980000)
 Metaspace       used 115896K, capacity 121642K, committed 121896K, reserved 1155072K
  class space    used 14542K, capacity 15609K, committed 15664K, reserved 1048576K
Event: 3147.730 GC heap after
Heap after GC invocations=37 (full 4):
 PSYoungGen      total 214016K, used 31474K [0x00000000e0000000, 0x00000000ff400000, 0x0000000100000000)
  eden space 182272K, 0% used [0x00000000e0000000,0x00000000e0000000,0x00000000eb200000)
  from space 31744K, 99% used [0x00000000eb200000,0x00000000ed0bcbe8,0x00000000ed100000)
  to   space 164864K, 0% used [0x00000000f5300000,0x00000000f5300000,0x00000000ff400000)
 ParOldGen       total 435712K, used 424318K [0x00000000a0000000, 0x00000000ba980000, 0x00000000e0000000)
  object space 435712K, 97% used [0x00000000a0000000,0x00000000b9e5f940,0x00000000ba980000)
 Metaspace       used 115896K, capacity 121642K, committed 121896K, reserved 1155072K
  class space    used 14542K, capacity 15609K, committed 15664K, reserved 1048576K
}
Event: 3147.730 GC heap before
{Heap before GC invocations=38 (full 5):
 PSYoungGen      total 214016K, used 31474K [0x00000000e0000000, 0x00000000ff400000, 0x0000000100000000)
  eden space 182272K, 0% used [0x00000000e0000000,0x00000000e0000000,0x00000000eb200000)
  from space 31744K, 99% used [0x00000000eb200000,0x00000000ed0bcbe8,0x00000000ed100000)
  to   space 164864K, 0% used [0x00000000f5300000,0x00000000f5300000,0x00000000ff400000)
 ParOldGen       total 435712K, used 424318K [0x00000000a0000000, 0x00000000ba980000, 0x00000000e0000000)
  object space 435712K, 97% used [0x00000000a0000000,0x00000000b9e5f940,0x00000000ba980000)
 Metaspace       used 115896K, capacity 121642K, committed 121896K, reserved 1155072K
  class space    used 14542K, capacity 15609K, committed 15664K, reserved 1048576K
Event: 3148.187 GC heap after
Heap after GC invocations=38 (full 5):
 PSYoungGen      total 214016K, used 0K [0x00000000e0000000, 0x00000000ff400000, 0x0000000100000000)
  eden space 182272K, 0% used [0x00000000e0000000,0x00000000e0000000,0x00000000eb200000)
  from space 31744K, 0% used [0x00000000eb200000,0x00000000eb200000,0x00000000ed100000)
  to   space 164864K, 0% used [0x00000000f5300000,0x00000000f5300000,0x00000000ff400000)
 ParOldGen       total 423424K, used 112818K [0x00000000a0000000, 0x00000000b9d80000, 0x00000000e0000000)
  object space 423424K, 26% used [0x00000000a0000000,0x00000000a6e2ca10,0x00000000b9d80000)
 Metaspace       used 115029K, capacity 120048K, committed 121896K, reserved 1155072K
  class space    used 14319K, capacity 15224K, committed 15664K, reserved 1048576K
}
Event: 3149.285 GC heap before
{Heap before GC invocations=39 (full 5):
 PSYoungGen      total 214016K, used 179162K [0x00000000e0000000, 0x00000000ff400000, 0x0000000100000000)
  eden space 182272K, 98% used [0x00000000e0000000,0x00000000eaef6920,0x00000000eb200000)
  from space 31744K, 0% used [0x00000000eb200000,0x00000000eb200000,0x00000000ed100000)
  to   space 164864K, 0% used [0x00000000f5300000,0x00000000f5300000,0x00000000ff400000)
 ParOldGen       total 423424K, used 112818K [0x00000000a0000000, 0x00000000b9d80000, 0x00000000e0000000)
  object space 423424K, 26% used [0x00000000a0000000,0x00000000a6e2ca10,0x00000000b9d80000)
 Metaspace       used 115031K, capacity 120048K, committed 121896K, reserved 1155072K
  class space    used 14319K, capacity 15224K, committed 15664K, reserved 1048576K
Event: 3149.355 GC heap after
Heap after GC invocations=39 (full 5):
 PSYoungGen      total 353792K, used 47864K [0x00000000e0000000, 0x0000000100000000, 0x0000000100000000)
  eden space 188928K, 0% used [0x00000000e0000000,0x00000000e0000000,0x00000000eb880000)
  from space 164864K, 29% used [0x00000000f5300000,0x00000000f81be0f8,0x00000000ff400000)
  to   space 158208K, 0% used [0x00000000eb880000,0x00000000eb880000,0x00000000f5300000)
 ParOldGen       total 423424K, used 112818K [0x00000000a0000000, 0x00000000b9d80000, 0x00000000e0000000)
  object space 423424K, 26% used [0x00000000a0000000,0x00000000a6e2ca10,0x00000000b9d80000)
 Metaspace       used 115031K, capacity 120048K, committed 121896K, reserved 1155072K
  class space    used 14319K, capacity 15224K, committed 15664K, reserved 1048576K
}
Event: 3303.335 GC heap before
{Heap before GC invocations=40 (full 5):
 PSYoungGen      total 353792K, used 236792K [0x00000000e0000000, 0x0000000100000000, 0x0000000100000000)
  eden space 188928K, 100% used [0x00000000e0000000,0x00000000eb880000,0x00000000eb880000)
  from space 164864K, 29% used [0x00000000f5300000,0x00000000f81be0f8,0x00000000ff400000)
  to   space 158208K, 0% used [0x00000000eb880000,0x00000000eb880000,0x00000000f5300000)
 ParOldGen       total 423424K, used 112818K [0x00000000a0000000, 0x00000000b9d80000, 0x00000000e0000000)
  object space 423424K, 26% used [0x00000000a0000000,0x00000000a6e2ca10,0x00000000b9d80000)
 Metaspace       used 115697K, capacity 121134K, committed 122152K, reserved 1155072K
  class space    used 14433K, capacity 15409K, committed 15664K, reserved 1048576K
Event: 3303.413 GC heap after
Heap after GC invocations=40 (full 5):
 PSYoungGen      total 347136K, used 55349K [0x00000000e0000000, 0x00000000fea80000, 0x0000000100000000)
  eden space 188928K, 0% used [0x00000000e0000000,0x00000000e0000000,0x00000000eb880000)
  from space 158208K, 34% used [0x00000000eb880000,0x00000000eee8d6d8,0x00000000f5300000)
  to   space 150528K, 0% used [0x00000000f5780000,0x00000000f5780000,0x00000000fea80000)
 ParOldGen       total 423424K, used 112826K [0x00000000a0000000, 0x00000000b9d80000, 0x00000000e0000000)
  object space 423424K, 26% used [0x00000000a0000000,0x00000000a6e2ea10,0x00000000b9d80000)
 Metaspace       used 115697K, capacity 121134K, committed 122152K, reserved 1155072K
  class space    used 14433K, capacity 15409K, committed 15664K, reserved 1048576K
}
Event: 3305.227 GC heap before
{Heap before GC invocations=41 (full 5):
 PSYoungGen      total 347136K, used 244274K [0x00000000e0000000, 0x00000000fea80000, 0x0000000100000000)
  eden space 188928K, 99% used [0x00000000e0000000,0x00000000eb87f230,0x00000000eb880000)
  from space 158208K, 34% used [0x00000000eb880000,0x00000000eee8d6d8,0x00000000f5300000)
  to   space 150528K, 0% used [0x00000000f5780000,0x00000000f5780000,0x00000000fea80000)
 ParOldGen       total 423424K, used 112826K [0x00000000a0000000, 0x00000000b9d80000, 0x00000000e0000000)
  object space 423424K, 26% used [0x00000000a0000000,0x00000000a6e2ea10,0x00000000b9d80000)
 Metaspace       used 115808K, capacity 121346K, committed 122152K, reserved 1155072K
  class space    used 14443K, capacity 15425K, committed 15664K, reserved 1048576K

