# JRE version: OpenJDK Runtime Environment (8.0_242-b01) (build 1.8.0_242-release-1644-b01)
# Java VM: OpenJDK 64-Bit Server VM (25.242-b01 mixed mode windows-amd64 compressed oops)
Heap:
 PSYoungGen      total 394240K, used 394223K [0x00000000e0000000, 0x0000000100000000, 0x0000000100000000)
  eden space 315392K, 100% used [0x00000000e0000000,0x00000000f3400000,0x00000000f3400000)
  from space 78848K, 99% used [0x00000000fb280000,0x00000000fff7bf08,0x00000000fff80000)
  to   space 104448K, 68% used [0x00000000f3400000,0x00000000f7a40370,0x00000000f9a00000)
 ParOldGen       total 484864K, used 301228K [0x00000000a0000000, 0x00000000bd980000, 0x00000000e0000000)
  object space 484864K, 62% used [0x00000000a0000000,0x00000000b262d1f0,0x00000000bd980000)
 Metaspace       used 157941K, capacity 164654K, committed 165580K, reserved 1193984K
  class space    used 20204K, capacity 21547K, committed 21748K, reserved 1048576K
GC Heap History (10 events):
Event: 2159.475 GC heap after
Heap after GC invocations=27 (full 5):
 PSYoungGen      total 430080K, used 14083K [0x00000000e0000000, 0x00000000ffa00000, 0x0000000100000000)
  eden space 349184K, 0% used [0x00000000e0000000,0x00000000e0000000,0x00000000f5500000)
  from space 80896K, 17% used [0x00000000fab00000,0x00000000fb8c0ec8,0x00000000ffa00000)
  to   space 84480K, 0% used [0x00000000f5500000,0x00000000f5500000,0x00000000fa780000)
 ParOldGen       total 484864K, used 230655K [0x00000000a0000000, 0x00000000bd980000, 0x00000000e0000000)
  object space 484864K, 47% used [0x00000000a0000000,0x00000000ae13fc60,0x00000000bd980000)
 Metaspace       used 140355K, capacity 145772K, committed 148556K, reserved 1177600K
  class space    used 17973K, capacity 19084K, committed 19572K, reserved 1048576K
}
Event: 2163.576 GC heap before
{Heap before GC invocations=28 (full 5):
 PSYoungGen      total 430080K, used 363267K [0x00000000e0000000, 0x00000000ffa00000, 0x0000000100000000)
  eden space 349184K, 100% used [0x00000000e0000000,0x00000000f5500000,0x00000000f5500000)
  from space 80896K, 17% used [0x00000000fab00000,0x00000000fb8c0ec8,0x00000000ffa00000)
  to   space 84480K, 0% used [0x00000000f5500000,0x00000000f5500000,0x00000000fa780000)
 ParOldGen       total 484864K, used 230655K [0x00000000a0000000, 0x00000000bd980000, 0x00000000e0000000)
  object space 484864K, 47% used [0x00000000a0000000,0x00000000ae13fc60,0x00000000bd980000)
 Metaspace       used 148545K, capacity 154876K, committed 155980K, reserved 1185792K
  class space    used 19192K, capacity 20458K, committed 20596K, reserved 1048576K
Event: 2163.671 GC heap after
Heap after GC invocations=28 (full 5):
 PSYoungGen      total 433664K, used 42920K [0x00000000e0000000, 0x0000000100000000, 0x0000000100000000)
  eden space 349184K, 0% used [0x00000000e0000000,0x00000000e0000000,0x00000000f5500000)
  from space 84480K, 50% used [0x00000000f5500000,0x00000000f7eea230,0x00000000fa780000)
  to   space 83968K, 0% used [0x00000000fae00000,0x00000000fae00000,0x0000000100000000)
 ParOldGen       total 484864K, used 242707K [0x00000000a0000000, 0x00000000bd980000, 0x00000000e0000000)
  object space 484864K, 50% used [0x00000000a0000000,0x00000000aed04e28,0x00000000bd980000)
 Metaspace       used 148545K, capacity 154876K, committed 155980K, reserved 1185792K
  class space    used 19192K, capacity 20458K, committed 20596K, reserved 1048576K
}
Event: 2219.357 GC heap before
{Heap before GC invocations=29 (full 5):
 PSYoungGen      total 433664K, used 392104K [0x00000000e0000000, 0x0000000100000000, 0x0000000100000000)
  eden space 349184K, 100% used [0x00000000e0000000,0x00000000f5500000,0x00000000f5500000)
  from space 84480K, 50% used [0x00000000f5500000,0x00000000f7eea230,0x00000000fa780000)
  to   space 83968K, 0% used [0x00000000fae00000,0x00000000fae00000,0x0000000100000000)
 ParOldGen       total 484864K, used 242707K [0x00000000a0000000, 0x00000000bd980000, 0x00000000e0000000)
  object space 484864K, 50% used [0x00000000a0000000,0x00000000aed04e28,0x00000000bd980000)
 Metaspace       used 150218K, capacity 156814K, committed 157772K, reserved 1185792K
  class space    used 19376K, capacity 20701K, committed 20852K, reserved 1048576K
Event: 2219.395 GC heap after
Heap after GC invocations=29 (full 5):
 PSYoungGen      total 433152K, used 18402K [0x00000000e0000000, 0x00000000ff980000, 0x0000000100000000)
  eden space 355840K, 0% used [0x00000000e0000000,0x00000000e0000000,0x00000000f5b80000)
  from space 77312K, 23% used [0x00000000fae00000,0x00000000fbff8b28,0x00000000ff980000)
  to   space 80896K, 0% used [0x00000000f5b80000,0x00000000f5b80000,0x00000000faa80000)
 ParOldGen       total 484864K, used 248111K [0x00000000a0000000, 0x00000000bd980000, 0x00000000e0000000)
  object space 484864K, 51% used [0x00000000a0000000,0x00000000af24bf28,0x00000000bd980000)
 Metaspace       used 150218K, capacity 156814K, committed 157772K, reserved 1185792K
  class space    used 19376K, capacity 20701K, committed 20852K, reserved 1048576K
}
Event: 2388.767 GC heap before
{Heap before GC invocations=30 (full 5):
 PSYoungGen      total 433152K, used 374242K [0x00000000e0000000, 0x00000000ff980000, 0x0000000100000000)
  eden space 355840K, 100% used [0x00000000e0000000,0x00000000f5b80000,0x00000000f5b80000)
  from space 77312K, 23% used [0x00000000fae00000,0x00000000fbff8b28,0x00000000ff980000)
  to   space 80896K, 0% used [0x00000000f5b80000,0x00000000f5b80000,0x00000000faa80000)
 ParOldGen       total 484864K, used 248111K [0x00000000a0000000, 0x00000000bd980000, 0x00000000e0000000)
  object space 484864K, 51% used [0x00000000a0000000,0x00000000af24bf28,0x00000000bd980000)
 Metaspace       used 150619K, capacity 157374K, committed 158156K, reserved 1185792K
  class space    used 19407K, capacity 20771K, committed 20980K, reserved 1048576K
Event: 2388.819 GC heap after
Heap after GC invocations=30 (full 5):
 PSYoungGen      total 436736K, used 37593K [0x00000000e0000000, 0x00000000fff80000, 0x0000000100000000)
  eden space 355840K, 0% used [0x00000000e0000000,0x00000000e0000000,0x00000000f5b80000)
  from space 80896K, 46% used [0x00000000f5b80000,0x00000000f8036410,0x00000000faa80000)
  to   space 78848K, 0% used [0x00000000fb280000,0x00000000fb280000,0x00000000fff80000)
 ParOldGen       total 484864K, used 248119K [0x00000000a0000000, 0x00000000bd980000, 0x00000000e0000000)
  object space 484864K, 51% used [0x00000000a0000000,0x00000000af24df28,0x00000000bd980000)
 Metaspace       used 150619K, capacity 157374K, committed 158156K, reserved 1185792K
  class space    used 19407K, capacity 20771K, committed 20980K, reserved 1048576K
}
Event: 2391.660 GC heap before
{Heap before GC invocations=31 (full 5):
 PSYoungGen      total 436736K, used 393433K [0x00000000e0000000, 0x00000000fff80000, 0x0000000100000000)
  eden space 355840K, 100% used [0x00000000e0000000,0x00000000f5b80000,0x00000000f5b80000)
  from space 80896K, 46% used [0x00000000f5b80000,0x00000000f8036410,0x00000000faa80000)
  to   space 78848K, 0% used [0x00000000fb280000,0x00000000fb280000,0x00000000fff80000)
 ParOldGen       total 484864K, used 248119K [0x00000000a0000000, 0x00000000bd980000, 0x00000000e0000000)
  object space 484864K, 51% used [0x00000000a0000000,0x00000000af24df28,0x00000000bd980000)
 Metaspace       used 157918K, capacity 164654K, committed 165580K, reserved 1193984K
  class space    used 20204K, capacity 21547K, committed 21748K, reserved 1048576K
Event: 2391.794 GC heap after
Heap after GC invocations=31 (full 5):
 PSYoungGen      total 394240K, used 78831K [0x00000000e0000000, 0x0000000100000000, 0x0000000100000000)
  eden space 315392K, 0% used [0x00000000e0000000,0x00000000e0000000,0x00000000f3400000)
  from space 78848K, 99% used [0x00000000fb280000,0x00000000fff7bf08,0x00000000fff80000)
  to   space 104448K, 0% used [0x00000000f3400000,0x00000000f3400000,0x00000000f9a00000)
 ParOldGen       total 484864K, used 283291K [0x00000000a0000000, 0x00000000bd980000, 0x00000000e0000000)
  object space 484864K, 58% used [0x00000000a0000000,0x00000000b14a6f38,0x00000000bd980000)
 Metaspace       used 157918K, capacity 164654K, committed 165580K, reserved 1193984K
  class space    used 20204K, capacity 21547K, committed 21748K, reserved 1048576K
}
Event: 2395.127 GC heap before
{Heap before GC invocations=32 (full 5):
 PSYoungGen      total 394240K, used 394223K [0x00000000e0000000, 0x0000000100000000, 0x0000000100000000)
  eden space 315392K, 100% used [0x00000000e0000000,0x00000000f3400000,0x00000000f3400000)
  from space 78848K, 99% used [0x00000000fb280000,0x00000000fff7bf08,0x00000000fff80000)
  to   space 104448K, 0% used [0x00000000f3400000,0x00000000f3400000,0x00000000f9a00000)
 ParOldGen       total 484864K, used 283291K [0x00000000a0000000, 0x00000000bd980000, 0x00000000e0000000)
  object space 484864K, 58% used [0x00000000a0000000,0x00000000b14a6f38,0x00000000bd980000)
 Metaspace       used 157941K, capacity 164654K, committed 165580K, reserved 1193984K
  class space    used 20204K, capacity 21547K, committed 21748K, reserved 1048576K

