# JRE version: OpenJDK Runtime Environment (11.0.8+10) (build 11.0.8+10-b944.6842174)
# Java VM: OpenJDK 64-Bit Server VM (11.0.8+10-b944.6842174, mixed mode, tiered, compressed oops, g1 gc, windows-amd64)
Heap:
 garbage-first heap   total 258048K, used 39955K [0x00000000a0000000, 0x0000000100000000)
  region size 1024K, 16 young (16384K), 13 survivors (13312K)
 Metaspace       used 43918K, capacity 44880K, committed 45104K, reserved 1095680K
  class space    used 5411K, capacity 5733K, committed 5760K, reserved 1048576K
GC Heap History (16 events):
Event: 0.985 GC heap before
{Heap before GC invocations=0 (full 0):
 garbage-first heap   total 258048K, used 20480K [0x00000000a0000000, 0x0000000100000000)
  region size 1024K, 14 young (14336K), 0 survivors (0K)
 Metaspace       used 7550K, capacity 7731K, committed 7936K, reserved 1056768K
  class space    used 695K, capacity 748K, committed 768K, reserved 1048576K
}
Event: 1.005 GC heap after
{Heap after GC invocations=1 (full 0):
 garbage-first heap   total 258048K, used 8210K [0x00000000a0000000, 0x0000000100000000)
  region size 1024K, 2 young (2048K), 2 survivors (2048K)
 Metaspace       used 7550K, capacity 7731K, committed 7936K, reserved 1056768K
  class space    used 695K, capacity 748K, committed 768K, reserved 1048576K
}
Event: 1.858 GC heap before
{Heap before GC invocations=1 (full 0):
 garbage-first heap   total 258048K, used 19474K [0x00000000a0000000, 0x0000000100000000)
  region size 1024K, 13 young (13312K), 2 survivors (2048K)
 Metaspace       used 10919K, capacity 11137K, committed 11264K, reserved 1058816K
  class space    used 1148K, capacity 1203K, committed 1280K, reserved 1048576K
}
Event: 1.861 GC heap after
{Heap after GC invocations=2 (full 0):
 garbage-first heap   total 258048K, used 9007K [0x00000000a0000000, 0x0000000100000000)
  region size 1024K, 1 young (1024K), 1 survivors (1024K)
 Metaspace       used 10919K, capacity 11137K, committed 11264K, reserved 1058816K
  class space    used 1148K, capacity 1203K, committed 1280K, reserved 1048576K
}
Event: 2.845 GC heap before
{Heap before GC invocations=2 (full 0):
 garbage-first heap   total 258048K, used 35631K [0x00000000a0000000, 0x0000000100000000)
  region size 1024K, 28 young (28672K), 1 survivors (1024K)
 Metaspace       used 11112K, capacity 11330K, committed 11520K, reserved 1058816K
  class space    used 1150K, capacity 1203K, committed 1280K, reserved 1048576K
}
Event: 2.849 GC heap after
{Heap after GC invocations=3 (full 0):
 garbage-first heap   total 258048K, used 13125K [0x00000000a0000000, 0x0000000100000000)
  region size 1024K, 4 young (4096K), 4 survivors (4096K)
 Metaspace       used 11112K, capacity 11330K, committed 11520K, reserved 1058816K
  class space    used 1150K, capacity 1203K, committed 1280K, reserved 1048576K
}
Event: 7.426 GC heap before
{Heap before GC invocations=3 (full 0):
 garbage-first heap   total 258048K, used 54085K [0x00000000a0000000, 0x0000000100000000)
  region size 1024K, 44 young (45056K), 4 survivors (4096K)
 Metaspace       used 18700K, capacity 19150K, committed 19328K, reserved 1067008K
  class space    used 2255K, capacity 2407K, committed 2432K, reserved 1048576K
}
Event: 7.436 GC heap after
{Heap after GC invocations=4 (full 0):
 garbage-first heap   total 258048K, used 15893K [0x00000000a0000000, 0x0000000100000000)
  region size 1024K, 3 young (3072K), 3 survivors (3072K)
 Metaspace       used 18700K, capacity 19150K, committed 19328K, reserved 1067008K
  class space    used 2255K, capacity 2407K, committed 2432K, reserved 1048576K
}
Event: 8.477 GC heap before
{Heap before GC invocations=4 (full 0):
 garbage-first heap   total 258048K, used 26133K [0x00000000a0000000, 0x0000000100000000)
  region size 1024K, 14 young (14336K), 3 survivors (3072K)
 Metaspace       used 20689K, capacity 21137K, committed 21296K, reserved 1069056K
  class space    used 2432K, capacity 2579K, committed 2688K, reserved 1048576K
}
Event: 8.485 GC heap after
{Heap after GC invocations=5 (full 0):
 garbage-first heap   total 258048K, used 16173K [0x00000000a0000000, 0x0000000100000000)
  region size 1024K, 4 young (4096K), 4 survivors (4096K)
 Metaspace       used 20689K, capacity 21137K, committed 21296K, reserved 1069056K
  class space    used 2432K, capacity 2579K, committed 2688K, reserved 1048576K
}
Event: 20.067 GC heap before
{Heap before GC invocations=6 (full 0):
 garbage-first heap   total 258048K, used 79661K [0x00000000a0000000, 0x0000000100000000)
  region size 1024K, 58 young (59392K), 4 survivors (4096K)
 Metaspace       used 26799K, capacity 27555K, committed 27696K, reserved 1073152K
  class space    used 3415K, capacity 3680K, committed 3712K, reserved 1048576K
}
Event: 20.075 GC heap after
{Heap after GC invocations=7 (full 0):
 garbage-first heap   total 258048K, used 29938K [0x00000000a0000000, 0x0000000100000000)
  region size 1024K, 8 young (8192K), 8 survivors (8192K)
 Metaspace       used 26799K, capacity 27555K, committed 27696K, reserved 1073152K
  class space    used 3415K, capacity 3680K, committed 3712K, reserved 1048576K
}
Event: 31.259 GC heap before
{Heap before GC invocations=7 (full 0):
 garbage-first heap   total 258048K, used 73970K [0x00000000a0000000, 0x0000000100000000)
  region size 1024K, 53 young (54272K), 8 survivors (8192K)
 Metaspace       used 34860K, capacity 35647K, committed 35888K, reserved 1081344K
  class space    used 4418K, capacity 4718K, committed 4736K, reserved 1048576K
}
Event: 31.272 GC heap after
{Heap after GC invocations=8 (full 0):
 garbage-first heap   total 258048K, used 33234K [0x00000000a0000000, 0x0000000100000000)
  region size 1024K, 11 young (11264K), 11 survivors (11264K)
 Metaspace       used 34860K, capacity 35647K, committed 35888K, reserved 1081344K
  class space    used 4418K, capacity 4718K, committed 4736K, reserved 1048576K
}
Event: 39.295 GC heap before
{Heap before GC invocations=9 (full 0):
 garbage-first heap   total 258048K, used 107986K [0x00000000a0000000, 0x0000000100000000)
  region size 1024K, 83 young (84992K), 11 survivors (11264K)
 Metaspace       used 43604K, capacity 44518K, committed 44592K, reserved 1093632K
  class space    used 5377K, capacity 5687K, committed 5760K, reserved 1048576K
}
Event: 39.334 GC heap after
{Heap after GC invocations=10 (full 0):
 garbage-first heap   total 258048K, used 37907K [0x00000000a0000000, 0x0000000100000000)
  region size 1024K, 13 young (13312K), 13 survivors (13312K)
 Metaspace       used 43604K, capacity 44518K, committed 44592K, reserved 1093632K
  class space    used 5377K, capacity 5687K, committed 5760K, reserved 1048576K
}

